TN:
SF:script/Deploy.s.sol
DA:23,0
FN:23,Deploy.run
FNDA:0,Deploy.run
DA:24,0
DA:25,0
DA:26,0
DA:27,0
DA:28,0
DA:29,0
DA:30,0
DA:32,0
DA:33,0
DA:34,0
DA:36,0
DA:37,0
DA:38,0
DA:39,0
FNF:1
FNH:0
LF:15
LH:0
BRF:0
BRH:0
end_of_record
TN:
SF:src/TendaEscrow.sol
DA:156,40
FN:156,TendaEscrow.constructor
FNDA:40,TendaEscrow.constructor
DA:165,40
BRDA:165,0,0,1
DA:166,1
DA:168,39
DA:169,38
DA:170,37
DA:171,39
DA:172,39
DA:173,39
DA:174,39
DA:175,39
DA:176,39
DA:177,39
DA:180,3
FN:180,TendaEscrow.onlyAdmin
FNDA:3,TendaEscrow.onlyAdmin
DA:181,3
BRDA:181,1,0,1
DA:185,2
FN:185,TendaEscrow.setProtocolAdmin
FNDA:2,TendaEscrow.setProtocolAdmin
DA:186,2
BRDA:186,2,0,1
DA:187,1
DA:188,1
DA:191,2
FN:191,TendaEscrow.setDisputeAdmin
FNDA:2,TendaEscrow.setDisputeAdmin
DA:192,2
BRDA:192,3,0,1
DA:193,1
DA:194,1
DA:197,2
FN:197,TendaEscrow.setTreasury
FNDA:2,TendaEscrow.setTreasury
DA:198,2
BRDA:198,4,0,1
DA:199,1
DA:200,1
DA:203,2
FN:203,TendaEscrow.setFeeBps
FNDA:2,TendaEscrow.setFeeBps
DA:204,2
DA:205,2
DA:206,2
DA:207,1
DA:210,3
FN:210,TendaEscrow.setApprovalWindow
FNDA:3,TendaEscrow.setApprovalWindow
DA:211,3
DA:212,3
DA:213,1
DA:216,2
FN:216,TendaEscrow.setGracePeriod
FNDA:2,TendaEscrow.setGracePeriod
DA:217,2
DA:218,2
DA:219,1
DA:231,302
FN:231,TendaEscrow.createEscrow
FNDA:302,TendaEscrow.createEscrow
DA:242,302
BRDA:242,5,0,1
DA:243,301
BRDA:243,6,0,1
DA:244,300
BRDA:244,7,0,1
DA:246,299
DA:247,2
BRDA:247,8,0,2
DA:248,297
BRDA:248,9,0,1
DA:250,296
DA:252,294
DA:270,294
DA:273,286
FN:273,TendaEscrow.acceptEscrow
FNDA:286,TendaEscrow.acceptEscrow
DA:274,286
DA:275,285
BRDA:275,10,0,1
DA:276,284
BRDA:276,11,0,1
DA:277,283
BRDA:277,12,0,1
DA:278,282
BRDA:278,13,0,1
DA:279,1
DA:282,281
DA:283,281
DA:284,281
DA:286,281
DA:289,4
FN:289,TendaEscrow.declineAssignedEscrow
FNDA:4,TendaEscrow.declineAssignedEscrow
DA:290,4
DA:291,4
BRDA:291,14,0,1
DA:292,3
BRDA:292,15,0,1
DA:293,2
BRDA:293,16,0,1
DA:295,1
DA:297,1
DA:300,275
FN:300,TendaEscrow.submitProof
FNDA:275,TendaEscrow.submitProof
DA:301,275
DA:302,275
BRDA:302,17,0,1
DA:303,274
BRDA:303,18,0,1
DA:304,273
BRDA:304,19,0,1
DA:306,272
DA:307,272
DA:309,272
DA:312,261
FN:312,TendaEscrow.approveCompletion
FNDA:261,TendaEscrow.approveCompletion
DA:313,261
DA:314,261
BRDA:314,20,0,1
DA:315,260
BRDA:315,21,0,1
DA:317,259
DA:318,259
DA:320,259
DA:326,4
FN:326,TendaEscrow.claimStalledPayment
FNDA:4,TendaEscrow.claimStalledPayment
DA:327,4
DA:328,4
BRDA:328,22,0,1
DA:329,3
BRDA:329,23,0,1
DA:330,2
BRDA:330,24,0,1
DA:332,1
DA:333,1
DA:335,1
DA:338,3
FN:338,TendaEscrow.cancelEscrow
FNDA:3,TendaEscrow.cancelEscrow
DA:339,3
DA:340,3
BRDA:340,25,0,1
DA:341,2
BRDA:341,26,0,1
DA:343,1
DA:344,1
DA:346,1
DA:350,4
FN:350,TendaEscrow.refundExpired
FNDA:4,TendaEscrow.refundExpired
DA:351,4
DA:352,4
BRDA:352,27,0,1
DA:353,3
BRDA:353,28,0,1
DA:354,2
BRDA:354,29,0,1
DA:356,1
DA:357,1
DA:359,1
DA:364,4
FN:364,TendaEscrow.reclaimAbandoned
FNDA:4,TendaEscrow.reclaimAbandoned
DA:365,4
DA:366,4
BRDA:366,30,0,1
DA:367,3
BRDA:367,31,0,1
DA:368,2
BRDA:368,32,0,1
DA:370,1
DA:371,1
DA:373,1
DA:379,12
FN:379,TendaEscrow.disputeEscrow
FNDA:12,TendaEscrow.disputeEscrow
DA:380,12
DA:381,12
BRDA:381,33,0,1
DA:382,11
BRDA:382,34,0,1
DA:384,10
BRDA:384,35,0,7
BRDA:384,35,1,1
DA:385,7
BRDA:385,36,0,1
DA:387,3
BRDA:387,37,0,1
DA:388,2
BRDA:388,38,0,1
DA:389,1
DA:393,6
DA:394,6
DA:396,6
DA:408,9
FN:408,TendaEscrow.resolveDispute
FNDA:9,TendaEscrow.resolveDispute
DA:409,9
BRDA:409,39,0,1
DA:410,8
DA:411,8
BRDA:411,40,0,1
DA:412,7
BRDA:412,41,0,1
DA:414,6
DA:415,6
DA:417,6
BRDA:417,42,0,2
BRDA:417,42,1,1
DA:418,2
DA:419,4
BRDA:419,43,0,3
BRDA:419,43,1,1
DA:420,3
DA:421,3
DA:422,3
BRDA:422,44,0,3
DA:424,1
DA:425,1
DA:426,1
DA:427,1
BRDA:427,45,0,1
DA:430,6
DA:437,861
FN:437,TendaEscrow._mustExist
FNDA:861,TendaEscrow._mustExist
DA:438,861
DA:439,861
BRDA:439,46,0,1
DA:442,296
FN:442,TendaEscrow._collect
FNDA:296,TendaEscrow._collect
DA:443,296
BRDA:443,47,0,290
BRDA:443,47,1,1
DA:444,290
BRDA:444,48,0,1
DA:446,6
BRDA:446,49,0,1
DA:447,5
DA:451,513
FN:451,TendaEscrow._payout
FNDA:513,TendaEscrow._payout
DA:452,513
BRDA:452,50,0,0
DA:453,513
BRDA:453,51,0,509
BRDA:453,51,1,4
DA:454,509
DA:456,4
DA:462,260
FN:462,TendaEscrow._settleToCounterparty
FNDA:260,TendaEscrow._settleToCounterparty
DA:463,260
DA:464,260
DA:465,260
BRDA:465,52,0,239
DA:468,263
FN:468,TendaEscrow._fee
FNDA:263,TendaEscrow._fee
DA:469,263
DA:470,263
DA:477,41
FN:477,TendaEscrow._validateFeeBps
FNDA:41,TendaEscrow._validateFeeBps
DA:478,41
BRDA:478,53,0,2
DA:481,41
FN:481,TendaEscrow._validateApprovalWindow
FNDA:41,TendaEscrow._validateApprovalWindow
DA:482,41
BRDA:482,54,0,3
DA:483,3
DA:487,39
FN:487,TendaEscrow._validateGracePeriod
FNDA:39,TendaEscrow._validateGracePeriod
DA:488,39
BRDA:488,55,0,1
FNF:27
FNH:27
LF:171
LH:171
BRF:61
BRH:60
end_of_record
TN:
SF:test/TendaEscrow.t.sol
DA:12,74
FN:12,MockUSDC.mint
FNDA:74,MockUSDC.mint
DA:13,74
DA:16,0
FN:16,MockUSDC.decimals
FNDA:0,MockUSDC.decimals
DA:17,0
DA:27,1
FN:27,ReentrantCounterparty.constructor
FNDA:1,ReentrantCounterparty.constructor
DA:28,1
DA:29,1
DA:32,1
FN:32,ReentrantCounterparty.accept
FNDA:1,ReentrantCounterparty.accept
DA:33,1
DA:36,1
FN:36,ReentrantCounterparty.submit
FNDA:1,ReentrantCounterparty.submit
DA:37,1
DA:40,1
FN:40,ReentrantCounterparty.receive
FNDA:1,ReentrantCounterparty.receive
DA:45,1
BRDA:45,0,0,1
FNF:6
FNH:5
LF:13
LH:11
BRF:1
BRH:1
end_of_record
